<?xml version="1.0" encoding="UTF-8"?>
<!-- Generated by org.testng.reporters.JUnitXMLReporter -->
<testsuite ignored="0" hostname="DESKTOP-BNMBFJ3" failures="0" tests="4" name="Test" time="61.465" errors="0" timestamp="13 Oct 2022 05:14:24 GMT">
  <testcase classname="testng.com.Para" name="tc01" time="6.134"/>
  <testcase classname="testng.com.Para" name="tc02" time="4.349"/>
  <testcase classname="testng.com.Para" name="tc03" time="14.336"/>
  <testcase classname="testng.com.Para" name="tco4" time="8.238"/>
</testsuite> <!-- Test -->
