<?xml version="1.0" encoding="UTF-8"?>
<testng-results ignored="0" total="4" passed="4" failed="0" skipped="0">
  <reporter-output>
  </reporter-output>
  <suite started-at="2022-10-13T05:13:22Z" name="Suite" finished-at="2022-10-13T05:14:24Z" duration-ms="61465">
    <groups>
    </groups>
    <test started-at="2022-10-13T05:13:22Z" name="Test" finished-at="2022-10-13T05:14:24Z" duration-ms="61465">
      <class name="testng.com.Para">
        <test-method is-config="true" signature="beforemethod()[pri:0, instance:testng.com.Para@4c60d6e9]" started-at="2022-10-13T05:13:23Z" name="beforemethod" finished-at="2022-10-13T05:13:51Z" duration-ms="28255" status="PASS">
          <reporter-output>
          </reporter-output>
        </test-method> <!-- beforemethod -->
        <test-method signature="tc01(java.lang.String, java.lang.String)[pri:0, instance:testng.com.Para@4c60d6e9]" started-at="2022-10-13T05:13:51Z" name="tc01" finished-at="2022-10-13T05:13:57Z" duration-ms="6134" status="PASS">
          <params>
            <param index="0">
              <value>
                <![CDATA[krishnamk]]>
              </value>
            </param>
            <param index="1">
              <value>
                <![CDATA[KRISHNA123]]>
              </value>
            </param>
          </params>
          <reporter-output>
          </reporter-output>
        </test-method> <!-- tc01 -->
        <test-method signature="tc02(java.lang.String, java.lang.String, java.lang.String, java.lang.String, java.lang.String, java.lang.String, java.lang.String, java.lang.String)[pri:0, instance:testng.com.Para@4c60d6e9]" started-at="2022-10-13T05:13:57Z" name="tc02" finished-at="2022-10-13T05:14:01Z" duration-ms="4349" status="PASS">
          <params>
            <param index="0">
              <value>
                <![CDATA[Sydney]]>
              </value>
            </param>
            <param index="1">
              <value>
                <![CDATA[Hotel Creek]]>
              </value>
            </param>
            <param index="2">
              <value>
                <![CDATA[Double]]>
              </value>
            </param>
            <param index="3">
              <value>
                <![CDATA[2 - Two]]>
              </value>
            </param>
            <param index="4">
              <value>
                <![CDATA[29-09-2022]]>
              </value>
            </param>
            <param index="5">
              <value>
                <![CDATA[30-09-2022]]>
              </value>
            </param>
            <param index="6">
              <value>
                <![CDATA[2 - Two]]>
              </value>
            </param>
            <param index="7">
              <value>
                <![CDATA[2 - Two]]>
              </value>
            </param>
          </params>
          <reporter-output>
          </reporter-output>
        </test-method> <!-- tc02 -->
        <test-method signature="tc03(java.lang.String, java.lang.String, java.lang.String, java.lang.String, java.lang.String, java.lang.String, java.lang.String, java.lang.String)[pri:0, instance:testng.com.Para@4c60d6e9]" started-at="2022-10-13T05:14:01Z" name="tc03" finished-at="2022-10-13T05:14:16Z" duration-ms="14336" status="PASS">
          <params>
            <param index="0">
              <value>
                <![CDATA[mmm]]>
              </value>
            </param>
            <param index="1">
              <value>
                <![CDATA[kkk]]>
              </value>
            </param>
            <param index="2">
              <value>
                <![CDATA[mmmkkkkk]]>
              </value>
            </param>
            <param index="3">
              <value>
                <![CDATA[9876543234567897]]>
              </value>
            </param>
            <param index="4">
              <value>
                <![CDATA[VISA]]>
              </value>
            </param>
            <param index="5">
              <value>
                <![CDATA[4]]>
              </value>
            </param>
            <param index="6">
              <value>
                <![CDATA[2020]]>
              </value>
            </param>
            <param index="7">
              <value>
                <![CDATA[688]]>
              </value>
            </param>
          </params>
          <reporter-output>
          </reporter-output>
        </test-method> <!-- tc03 -->
        <test-method signature="tco4()[pri:0, instance:testng.com.Para@4c60d6e9]" started-at="2022-10-13T05:14:16Z" name="tco4" finished-at="2022-10-13T05:14:24Z" duration-ms="8238" status="PASS">
          <reporter-output>
          </reporter-output>
        </test-method> <!-- tco4 -->
      </class> <!-- testng.com.Para -->
    </test> <!-- Test -->
  </suite> <!-- Suite -->
</testng-results>
